Added Component: Designator=C1(C0805)
Add component. Clean all parameters for all variants
Add component (AddParameter): Name = "Value"; Value = "470nF"; VariantName = "[No Variations]"
Added Component: Designator=C2(C0805)
Add component. Clean all parameters for all variants
Add component (AddParameter): Name = "Value"; Value = "470nF"; VariantName = "[No Variations]"
Added Component: Designator=C3(C0805)
Add component. Clean all parameters for all variants
Add component (AddParameter): Name = "Value"; Value = "100nF"; VariantName = "[No Variations]"
Added Component: Designator=D1(*RESC2012X55N)
Add component. Clean all parameters for all variants
Added Component: Designator=P1(HDR1X8)
Add component. Clean all parameters for all variants
Add component (AddParameter): Name = "LatestRevisionDate"; Value = "17-Jul-2002"; VariantName = "[No Variations]"
Add component (AddParameter): Name = "LatestRevisionNote"; Value = "Re-released for DXP Platform."; VariantName = "[No Variations]"
Add component (AddParameter): Name = "Publisher"; Value = "Altium Limited"; VariantName = "[No Variations]"
Added Component: Designator=P2(HDR1X8)
Add component. Clean all parameters for all variants
Add component (AddParameter): Name = "LatestRevisionDate"; Value = "17-Jul-2002"; VariantName = "[No Variations]"
Add component (AddParameter): Name = "LatestRevisionNote"; Value = "Re-released for DXP Platform."; VariantName = "[No Variations]"
Add component (AddParameter): Name = "Publisher"; Value = "Altium Limited"; VariantName = "[No Variations]"
Added Component: Designator=R1(R0805 - duplicate2)
Add component. Clean all parameters for all variants
Add component (AddParameter): Name = "Value"; Value = "360K"; VariantName = "[No Variations]"
Added Component: Designator=R2(R0805 - duplicate2)
Add component. Clean all parameters for all variants
Add component (AddParameter): Name = "Value"; Value = "100R"; VariantName = "[No Variations]"
Added Component: Designator=R3(R0805 - duplicate2)
Add component. Clean all parameters for all variants
Add component (AddParameter): Name = "Value"; Value = "100R"; VariantName = "[No Variations]"
Added Component: Designator=R4(R0805 - duplicate2)
Add component. Clean all parameters for all variants
Add component (AddParameter): Name = "Value"; Value = "370K"; VariantName = "[No Variations]"
Added Component: Designator=R5(POT3)
Add component. Clean all parameters for all variants
Add component (AddParameter): Name = "Value"; Value = "20K"; VariantName = "[No Variations]"
Added Component: Designator=R6(R0805 - duplicate2)
Add component. Clean all parameters for all variants
Add component (AddParameter): Name = "Value"; Value = "100K"; VariantName = "[No Variations]"
Added Component: Designator=R7(R0805 - duplicate2)
Add component. Clean all parameters for all variants
Add component (AddParameter): Name = "Value"; Value = "91K"; VariantName = "[No Variations]"
Added Component: Designator=R8(R0805 - duplicate2)
Add component. Clean all parameters for all variants
Add component (AddParameter): Name = "Value"; Value = "1.1K"; VariantName = "[No Variations]"
Added Component: Designator=R9(R0805 - duplicate2)
Add component. Clean all parameters for all variants
Add component (AddParameter): Name = "Value"; Value = "11.1K"; VariantName = "[No Variations]"
Added Component: Designator=R10(R0805 - duplicate2)
Add component. Clean all parameters for all variants
Add component (AddParameter): Name = "Value"; Value = "91K"; VariantName = "[No Variations]"
Added Component: Designator=R11(R0805 - duplicate2)
Add component. Clean all parameters for all variants
Add component (AddParameter): Name = "Value"; Value = "10K"; VariantName = "[No Variations]"
Added Component: Designator=R12(R0805 - duplicate2)
Add component. Clean all parameters for all variants
Add component (AddParameter): Name = "Value"; Value = "51K"; VariantName = "[No Variations]"
Added Component: Designator=R13(R0805 - duplicate2)
Add component. Clean all parameters for all variants
Add component (AddParameter): Name = "Value"; Value = "1K"; VariantName = "[No Variations]"
Added Component: Designator=R14(R0805 - duplicate2)
Add component. Clean all parameters for all variants
Add component (AddParameter): Name = "Value"; Value = "1K"; VariantName = "[No Variations]"
Added Component: Designator=R15(R1206)
Add component. Clean all parameters for all variants
Add component (AddParameter): Name = "Value"; Value = "1.5K"; VariantName = "[No Variations]"
Added Component: Designator=R16(R0805 - duplicate2)
Add component. Clean all parameters for all variants
Add component (AddParameter): Name = "Value"; Value = "4.7K"; VariantName = "[No Variations]"
Added Component: Designator=U1(SOIC127P600X175-8N)
Add component. Clean all parameters for all variants
Added Component: Designator=U2(SOIC127P600X175-8N)
Add component. Clean all parameters for all variants
Added Component: Designator=U3(DPAK229P991X238-3N)
Add component. Clean all parameters for all variants
Added Component: Designator=U4(SOT95P237X110-3N)
Add component. Clean all parameters for all variants
Added Component: Designator=U5(SOT95P237X110-3N)
Add component. Clean all parameters for all variants
Added Pin To Net: NetName=1.62V Pin=U2-3
Added Pin To Net: NetName=1.62V Pin=U5-2
Added Net: Name=1.62V
Added Pin To Net: NetName=3V3 Pin=U4-2
Added Net: Name=3V3
Added Pin To Net: NetName=15V Pin=U1-7
Added Pin To Net: NetName=15V Pin=U2-7
Added Pin To Net: NetName=15V Pin=U3-3
Added Pin To Net: NetName=15V Pin=U4-1
Added Net: Name=15V
Added Pin To Net: NetName=GND Pin=D1-1
Added Pin To Net: NetName=GND Pin=U1-4
Added Pin To Net: NetName=GND Pin=U2-4
Added Pin To Net: NetName=GND Pin=U3-2
Added Pin To Net: NetName=GND Pin=U4-3
Added Pin To Net: NetName=GND Pin=U5-3
Added Net: Name=GND
Added Pin To Net: NetName=L+ Pin=P1-1
Added Pin To Net: NetName=L+ Pin=P2-1
Added Pin To Net: NetName=L+ Pin=U3-1
Added Net: Name=L+
Added Pin To Net: NetName=MF Pin=P1-5
Added Pin To Net: NetName=MF Pin=P2-5
Added Net: Name=MF
Added Pin To Net: NetName=M Pin=P1-3
Added Pin To Net: NetName=M Pin=P2-3
Added Net: Name=M
Added Pin To Net: NetName=NetD1_2 Pin=D1-2
Added Net: Name=NetD1_2
Added Net: Name=NetR1_21
Added Pin To Net: NetName=NetR1_22 Pin=R5-1
Added Net: Name=NetR1_22
Added Net: Name=NetR3_21
Added Pin To Net: NetName=NetR4_22 Pin=U1-3
Added Net: Name=NetR4_22
Added Pin To Net: NetName=NetR5_2 Pin=R5-2
Added Pin To Net: NetName=NetR5_2 Pin=U1-2
Added Net: Name=NetR5_2
Added Pin To Net: NetName=NetR5_3 Pin=R5-3
Added Net: Name=NetR5_3
Added Net: Name=NetR7_22
Added Pin To Net: NetName=NetR11_21 Pin=U2-2
Added Net: Name=NetR11_21
Added Pin To Net: NetName=NetR15_22 Pin=U5-1
Added Net: Name=NetR15_22
Added Pin To Net: NetName=Q1 Pin=P1-4
Added Pin To Net: NetName=Q1 Pin=P2-4
Added Net: Name=Q1
Added Pin To Net: NetName=Q2 Pin=P1-7
Added Pin To Net: NetName=Q2 Pin=P2-7
Added Net: Name=Q2
Added Pin To Net: NetName=QA Pin=P1-2
Added Net: Name=QA
Added Pin To Net: NetName=VIN Pin=U1-6
Added Net: Name=VIN
Added Pin To Net: NetName=VOUT Pin=P2-2
Added Pin To Net: NetName=VOUT Pin=U2-6
Added Net: Name=VOUT
Added Class: Name=Current-to-Voltage-Sc
Added Room: Name=Current-to-Voltage-Sc
