Replace Part C1 Capacitor in C:\Users\EFE\Documents\altium_workspace\PCB_Project_1\Current-to-Voltage-Sc.SchDoc with Capacitor from Current-to-Voltage-Schlib.SchLib
Replace Part C2 Capacitor in C:\Users\EFE\Documents\altium_workspace\PCB_Project_1\Current-to-Voltage-Sc.SchDoc with Capacitor from Current-to-Voltage-Schlib.SchLib
Replace Part C3 Capacitor in C:\Users\EFE\Documents\altium_workspace\PCB_Project_1\Current-to-Voltage-Sc.SchDoc with Capacitor from Current-to-Voltage-Schlib.SchLib
Replace Part D1 LED in C:\Users\EFE\Documents\altium_workspace\PCB_Project_1\Current-to-Voltage-Sc.SchDoc with LED from Current-to-Voltage-Schlib.SchLib
Replace Part P1 Header 8 in C:\Users\EFE\Documents\altium_workspace\PCB_Project_1\Current-to-Voltage-Sc.SchDoc with Header 8 from Miscellaneous Connectors.IntLib
Replace Part P2 Header 8 in C:\Users\EFE\Documents\altium_workspace\PCB_Project_1\Current-to-Voltage-Sc.SchDoc with Header 8 from Miscellaneous Connectors.IntLib
Replace Part R1 Resistor in C:\Users\EFE\Documents\altium_workspace\PCB_Project_1\Current-to-Voltage-Sc.SchDoc with Resistor from Current-to-Voltage-Schlib.SchLib
Replace Part R2 Resistor in C:\Users\EFE\Documents\altium_workspace\PCB_Project_1\Current-to-Voltage-Sc.SchDoc with Resistor from Current-to-Voltage-Schlib.SchLib
Replace Part R3 Resistor in C:\Users\EFE\Documents\altium_workspace\PCB_Project_1\Current-to-Voltage-Sc.SchDoc with Resistor from Current-to-Voltage-Schlib.SchLib
Replace Part R4 Resistor in C:\Users\EFE\Documents\altium_workspace\PCB_Project_1\Current-to-Voltage-Sc.SchDoc with Resistor from Current-to-Voltage-Schlib.SchLib
Replace Part R5 Potentiometer in C:\Users\EFE\Documents\altium_workspace\PCB_Project_1\Current-to-Voltage-Sc.SchDoc with Potentiometer from Current-to-Voltage-Schlib.SchLib
Replace Part R6 Resistor in C:\Users\EFE\Documents\altium_workspace\PCB_Project_1\Current-to-Voltage-Sc.SchDoc with Resistor from Current-to-Voltage-Schlib.SchLib
Replace Part R7 Resistor in C:\Users\EFE\Documents\altium_workspace\PCB_Project_1\Current-to-Voltage-Sc.SchDoc with Resistor from Current-to-Voltage-Schlib.SchLib
Replace Part R8 Resistor in C:\Users\EFE\Documents\altium_workspace\PCB_Project_1\Current-to-Voltage-Sc.SchDoc with Resistor from Current-to-Voltage-Schlib.SchLib
Replace Part R9 Resistor in C:\Users\EFE\Documents\altium_workspace\PCB_Project_1\Current-to-Voltage-Sc.SchDoc with Resistor from Current-to-Voltage-Schlib.SchLib
Replace Part R10 Resistor in C:\Users\EFE\Documents\altium_workspace\PCB_Project_1\Current-to-Voltage-Sc.SchDoc with Resistor from Current-to-Voltage-Schlib.SchLib
Replace Part R11 Resistor in C:\Users\EFE\Documents\altium_workspace\PCB_Project_1\Current-to-Voltage-Sc.SchDoc with Resistor from Current-to-Voltage-Schlib.SchLib
Replace Part R12 Resistor in C:\Users\EFE\Documents\altium_workspace\PCB_Project_1\Current-to-Voltage-Sc.SchDoc with Resistor from Current-to-Voltage-Schlib.SchLib
Replace Part R13 Resistor in C:\Users\EFE\Documents\altium_workspace\PCB_Project_1\Current-to-Voltage-Sc.SchDoc with Resistor from Current-to-Voltage-Schlib.SchLib
Replace Part R14 Resistor in C:\Users\EFE\Documents\altium_workspace\PCB_Project_1\Current-to-Voltage-Sc.SchDoc with Resistor from Current-to-Voltage-Schlib.SchLib
Replace Part R15 Resistor in C:\Users\EFE\Documents\altium_workspace\PCB_Project_1\Current-to-Voltage-Sc.SchDoc with Resistor from Current-to-Voltage-Schlib.SchLib
Replace Part R16 Resistor in C:\Users\EFE\Documents\altium_workspace\PCB_Project_1\Current-to-Voltage-Sc.SchDoc with Resistor from Current-to-Voltage-Schlib.SchLib
Replace Part U1 AD820 in C:\Users\EFE\Documents\altium_workspace\PCB_Project_1\Current-to-Voltage-Sc.SchDoc with AD820 from Current-to-Voltage-Schlib.SchLib
Replace Part U2 AD820 in C:\Users\EFE\Documents\altium_workspace\PCB_Project_1\Current-to-Voltage-Sc.SchDoc with AD820 from Current-to-Voltage-Schlib.SchLib
Replace Part U3 MC7815 in C:\Users\EFE\Documents\altium_workspace\PCB_Project_1\Current-to-Voltage-Sc.SchDoc with MC7815 from Current-to-Voltage-Schlib.SchLib
Replace Part U4 NCP5146 in C:\Users\EFE\Documents\altium_workspace\PCB_Project_1\Current-to-Voltage-Sc.SchDoc with NCP5146 from Current-to-Voltage-Schlib.SchLib
Replace Part U5 LM4041-ADJ in C:\Users\EFE\Documents\altium_workspace\PCB_Project_1\Current-to-Voltage-Sc.SchDoc with LM4041-ADJ from Current-to-Voltage-Schlib.SchLib
