Removed Pin From Net: NetName=Q1 Pin=P1-4
Removed Pin From Net: NetName=MF Pin=P1-5
Removed Pin From Net: NetName=Q2 Pin=P1-7
Removed Pin From Net: NetName=L+ Pin=P1-8
Removed Pin From Net: NetName=M Pin=P2-3
Removed Pin From Net: NetName=Q1 Pin=P2-4
Removed Pin From Net: NetName=VOUT Pin=P2-6
Removed Pin From Net: NetName=Q2 Pin=P2-7
Removed Pin From Net: NetName=L+ Pin=P2-8
Change Component Footprint: Designator=P1 Old Footprint=HDR1X8 New Footprint=JST12XH
Change Component Footprint: Designator=P2 Old Footprint=HDR1X8 New Footprint=JST12XH
Change Component Comment : Designator=P1 Old Comment=Header 8 New Comment=JST12XH
Change Component Comment : Designator=P2 Old Comment=Header 8 New Comment=JST12XH
Change component parameters: Designator = "P1"; Footprint = "JST12XH"; UniqueID = "\ZHBSPMXH"
Change component parameters. Clean all parameters for all variants
Change component parameters: Designator = "P2"; Footprint = "JST12XH"; UniqueID = "\EECYSRIP"
Change component parameters. Clean all parameters for all variants
Added Pin To Net: NetName=GND Pin=P1-2
Added Pin To Net: NetName=GND Pin=P1-4
Added Pin To Net: NetName=Q1 Pin=P1-5
Added Pin To Net: NetName=GND Pin=P1-6
Added Pin To Net: NetName=MF Pin=P1-7
Added Pin To Net: NetName=GND Pin=P1-8
Added Pin To Net: NetName=Q2 Pin=P1-9
Added Pin To Net: NetName=GND Pin=P1-10
Added Pin To Net: NetName=L+ Pin=P1-11
Added Pin To Net: NetName=GND Pin=P1-12
Added Pin To Net: NetName=M Pin=P2-1
Added Pin To Net: NetName=GND Pin=P2-2
Added Pin To Net: NetName=Q1 Pin=P2-3
Added Pin To Net: NetName=GND Pin=P2-4
Added Pin To Net: NetName=GND Pin=P2-6
Added Pin To Net: NetName=VOUT Pin=P2-7
Added Pin To Net: NetName=GND Pin=P2-8
Added Pin To Net: NetName=Q2 Pin=P2-9
Added Pin To Net: NetName=GND Pin=P2-10
Added Pin To Net: NetName=L+ Pin=P2-11
Added Pin To Net: NetName=GND Pin=P2-12
Added Room: Name=Current-to-Voltage-Sc
